<?xml version="1.0" encoding="UTF-8"?>
<testsuite xmlns:xsi="http://www.w3.org/2001/XMLSchema-instance" xsi:noNamespaceSchemaLocation="https://maven.apache.org/surefire/maven-surefire-plugin/xsd/surefire-test-report-3.0.xsd" version="3.0" name="stepDefinition.TestRunner" time="23.668" tests="32" errors="0" skipped="0" failures="6">
  <properties>
[...]
</properties>
  <testcase name="Given set the base uri as &quot;https://apisuat.calif.aaa.com/ebiz/uat2&quot;" classname="| sonico.kris@aaa-calif.com | autoclub1 | 2020-10-15 | 6200041275393303 | 1978-10-27 | sonico.kris@aaa-calif.com | autoclub1 | 004 |" time="0.556">
    <system-out><![CDATA[Feature: 

  Scenario Outline: Register User                                                                                        &amp#27;[90m# MobileAPI.feature:7&amp#27;[0m
    #    Given Set POST request Body Of Register User email as "<email>" password as "<password>" memExpDate as "<memExpDate>" memNumber as "<memNumber>" and DOB as "<DOB>"
    #    And set request header "X-IBM-Client-Id" as "832512b7-ca21-4ea5-a3dd-ab53a2ce7ca2"
    #    And set request header "X-IBM-Client-Secret" as "jB8oN2hF3wQ0jD8cY0cD7kA8cW4dY4tH7dH8bB0eU5nO1jJ1lQ"
    #    And set request header "Content-Type" as "application/json"
    #    When Submit POST Register user request "/account"
    #    And  validate response code as "200"
    &amp#27;[36mAnd &amp#27;[0m&amp#27;[36mSet POST request body Of Login Member username as "<username>" password as "<password>" clubCode as "<clubCode>"&amp#27;[0m
    &amp#27;[36mAnd &amp#27;[0m&amp#27;[36mset request header "X-IBM-Client-Id" as "832512b7-ca21-4ea5-a3dd-ab53a2ce7ca2"&amp#27;[0m
    &amp#27;[36mAnd &amp#27;[0m&amp#27;[36mset request header "X-IBM-Client-Secret" as "jB8oN2hF3wQ0jD8cY0cD7kA8cW4dY4tH7dH8bB0eU5nO1jJ1lQ"&amp#27;[0m
    &amp#27;[36mAnd &amp#27;[0m&amp#27;[36mset request header "Content-Type" as "application/json"&amp#27;[0m
    &amp#27;[36mAnd &amp#27;[0m&amp#27;[36mSubmit POST Login user request "/user/session"&amp#27;[0m
    &amp#27;[36mAnd &amp#27;[0m&amp#27;[36mvalidate response code as "200"&amp#27;[0m
    &amp#27;[36mAnd &amp#27;[0m&amp#27;[36mValidate response body accessToken as "e" customerId as "000000000000000"&amp#27;[0m
    #    And set request header "X-IBM-Client-Id" as "832512b7-ca21-4ea5-a3dd-ab53a2ce7ca2"
    #    And set request header "X-IBM-Client-Secret" as "jB8oN2hF3wQ0jD8cY0cD7kA8cW4dY4tH7dH8bB0eU5nO1jJ1lQ"
    &amp#27;[36mAnd &amp#27;[0m&amp#27;[36mset request accessToken header "Authorization"&amp#27;[0m
    #    And Set GET List of Policies parameter clubCode as "<clubCode>" customerId as "<customerId>"
    &amp#27;[36mAnd &amp#27;[0m&amp#27;[36mSubmit GET list of policies "/policies"&amp#27;[0m
    &amp#27;[36mAnd &amp#27;[0m&amp#27;[36mvalidate response code as "200"&amp#27;[0m
    &amp#27;[36mAnd &amp#27;[0m&amp#27;[36mvalidate response fields policyType as "Auto" policyNumber as "CAA"&amp#27;[0m
    #    And Set GET list of Auto policies parameter autopolicyNumber as "<autoPolicy>"  clubCode as "<clubCode>" customerId as "<customerId>"
    #    And set request accessToken header "Authorization"
    &amp#27;[36mAnd &amp#27;[0m&amp#27;[36mSubmit GET list of auto policies "/autopolicy"&amp#27;[0m
    &amp#27;[36mAnd &amp#27;[0m&amp#27;[36mvalidate response code as "200"&amp#27;[0m
    &amp#27;[36mAnd &amp#27;[0m&amp#27;[36mvalidate response fields autoPolicyNumber as "<autoPolicyNumber>"&amp#27;[0m

    Examples: 
]]></system-out>
  </testcase>
  <testcase name="And Set POST request body Of Login Member username as &quot;sonico.kris@aaa-calif.com&quot; password as &quot;autoclub1&quot; clubCode as &quot;004&quot;" classname="| sonico.kris@aaa-calif.com | autoclub1 | 2020-10-15 | 6200041275393303 | 1978-10-27 | sonico.kris@aaa-calif.com | autoclub1 | 004 |" time="0.059">
    <system-out><![CDATA[
  Background: Launch Base API Url                                       &amp#27;[90m# MobileAPI.feature:3&amp#27;[0m
    &amp#27;[32mGiven &amp#27;[0m&amp#27;[32mset the base uri as "&amp#27;[0m&amp#27;[32m&amp#27;[1mhttps://apisuat.calif.aaa.com/ebiz/uat2&amp#27;[0m&amp#27;[32m"&amp#27;[0m &amp#27;[90m# MobileAPIStepDefinition.set_the_base_uri_as(String)&amp#27;[0m
]]></system-out>
  </testcase>
  <testcase name="And set request header &quot;X-IBM-Client-Id&quot; as &quot;832512b7-ca21-4ea5-a3dd-ab53a2ce7ca2&quot;" classname="| sonico.kris@aaa-calif.com | autoclub1 | 2020-10-15 | 6200041275393303 | 1978-10-27 | sonico.kris@aaa-calif.com | autoclub1 | 004 |" time="0.007"/>
  <testcase name="And set request header &quot;X-IBM-Client-Secret&quot; as &quot;jB8oN2hF3wQ0jD8cY0cD7kA8cW4dY4tH7dH8bB0eU5nO1jJ1lQ&quot;" classname="| sonico.kris@aaa-calif.com | autoclub1 | 2020-10-15 | 6200041275393303 | 1978-10-27 | sonico.kris@aaa-calif.com | autoclub1 | 004 |" time="0.031"/>
  <testcase name="And set request header &quot;Content-Type&quot; as &quot;application/json&quot;" classname="| sonico.kris@aaa-calif.com | autoclub1 | 2020-10-15 | 6200041275393303 | 1978-10-27 | sonico.kris@aaa-calif.com | autoclub1 | 004 |" time="0.006"/>
  <testcase name="And Submit POST Login user request &quot;/user/session&quot;" classname="| sonico.kris@aaa-calif.com | autoclub1 | 2020-10-15 | 6200041275393303 | 1978-10-27 | sonico.kris@aaa-calif.com | autoclub1 | 004 |" time="0.007">
    <system-out><![CDATA[response code is:200
response is:{ "access_token":"eyJraWQiOiJIcnlEM1plSXE5TjRJZGhUNWRuQjNrSHdsRE4yR2pjXzNsZFRxMF90cDZrIiwiYWxnIjoiUlMyNTYifQ.eyJ2ZXIiOjEsImp0aSI6IkFULnFpU0xJaHVQX1dGeURiTks3TzB2Wktab3RsU1dVSEpKaDVFTHp0ZXZWRTAub2FyMWRzbmlzN0w3d1RDN1UwaDciLCJpc3MiOiJodHRwczovL2FjZS1pZGVudGl0eS5va3RhcHJldmlldy5jb20vb2F1dGgyL2F1c21vZnF1bzYyY0h0WU5rMGg3IiwiYXVkIjoiMG9hbW45NWNyNmZKODBZdFYwaDciLCJpYXQiOjE2Mzc4MTI5MTksImV4cCI6MTYzNzgxNjUxOSwiY2lkIjoiMG9hbW45NWNyNmZKODBZdFYwaDciLCJ1aWQiOiIwMHUxMTE5ZnRiYlBKejAxbTBoOCIsInNjcCI6WyJvZmZsaW5lX2FjY2VzcyIsInByb2ZpbGUiLCJvcGVuaWQiLCJjbHViQ29kZSIsInNjb3BlIiwiY3VzdG9tZXJJZCJdLCJzdWIiOiJzb25pY28ua3Jpc0BhYWEtY2FsaWYuY29tIiwic2VsZlJlY292ZXJ5IjpmYWxzZSwiY2x1YkNvZGUiOiIwMDQiLCJzY29wZSI6WyJndWlkZXdpcmUuZWRnZS5wb2xpY3kuQ0hPMTc3NTk5MjQyLkFMTCIsImd1aWRld2lyZS5lZGdlLnBvbGljeS5DQUEwMjYzOTU5MjcuQUxMIl0sImN1c3RvbWVySWQiOiI0NDEzMzEwMjAxMDE1MjEiLCJwcmVmZXJyZWRfdXNlcm5hbWUiOiJzb25pY28ua3Jpc0BhYWEtY2FsaWYuY29tIn0.mTf8V8IT2VHbjFCAsoEu4VSs-TUslvsmgAjXhVlUyq1FMuKorraBrn8jJJGTpTkHTKLv5l49ILe_KuZFx2jmM2ENcvlNp0WBwgzvQ-Y2SJ6FssMAUmHtrxVn4eFUREzJVKMMdmtr3hiHwAE5ljmwlEIsjRwgH3aMWfvQUc5XVUa9NKwbUkqZXHp_O7bTBI9SJJby1XoN686PN-ip9X_8MCtzcsGb_u-G9AkYLSB2iobcPh3kKh80wNyWBNwMtIencs4S1xHhkdEmkQEZfOVRbgmb-NLZ-OpGzhCNJ11Vv-vRIXlRN0gk0u2eNrM0yR3jvqig0DAeVSXzYb5mQEgmLA", "token_type":"Bearer", "scope":"offline_access profile openid clubCode scope customerId", "id_token":"eyJraWQiOiJIcnlEM1plSXE5TjRJZGhUNWRuQjNrSHdsRE4yR2pjXzNsZFRxMF90cDZrIiwiYWxnIjoiUlMyNTYifQ.eyJ2ZXIiOjEsImp0aSI6IkFULnFpU0xJaHVQX1dGeURiTks3TzB2Wktab3RsU1dVSEpKaDVFTHp0ZXZWRTAub2FyMWRzbmlzN0w3d1RDN1UwaDciLCJpc3MiOiJodHRwczovL2FjZS1pZGVudGl0eS5va3RhcHJldmlldy5jb20vb2F1dGgyL2F1c21vZnF1bzYyY0h0WU5rMGg3IiwiYXVkIjoiMG9hbW45NWNyNmZKODBZdFYwaDciLCJpYXQiOjE2Mzc4MTI5MTksImV4cCI6MTYzNzgxNjUxOSwiY2lkIjoiMG9hbW45NWNyNmZKODBZdFYwaDciLCJ1aWQiOiIwMHUxMTE5ZnRiYlBKejAxbTBoOCIsInNjcCI6WyJvZmZsaW5lX2FjY2VzcyIsInByb2ZpbGUiLCJvcGVuaWQiLCJjbHViQ29kZSIsInNjb3BlIiwiY3VzdG9tZXJJZCJdLCJzdWIiOiJzb25pY28ua3Jpc0BhYWEtY2FsaWYuY29tIiwic2VsZlJlY292ZXJ5IjpmYWxzZSwiY2x1YkNvZGUiOiIwMDQiLCJzY29wZSI6WyJndWlkZXdpcmUuZWRnZS5wb2xpY3kuQ0hPMTc3NTk5MjQyLkFMTCIsImd1aWRld2lyZS5lZGdlLnBvbGljeS5DQUEwMjYzOTU5MjcuQUxMIl0sImN1c3RvbWVySWQiOiI0NDEzMzEwMjAxMDE1MjEiLCJwcmVmZXJyZWRfdXNlcm5hbWUiOiJzb25pY28ua3Jpc0BhYWEtY2FsaWYuY29tIn0.mTf8V8IT2VHbjFCAsoEu4VSs-TUslvsmgAjXhVlUyq1FMuKorraBrn8jJJGTpTkHTKLv5l49ILe_KuZFx2jmM2ENcvlNp0WBwgzvQ-Y2SJ6FssMAUmHtrxVn4eFUREzJVKMMdmtr3hiHwAE5ljmwlEIsjRwgH3aMWfvQUc5XVUa9NKwbUkqZXHp_O7bTBI9SJJby1XoN686PN-ip9X_8MCtzcsGb_u-G9AkYLSB2iobcPh3kKh80wNyWBNwMtIencs4S1xHhkdEmkQEZfOVRbgmb-NLZ-OpGzhCNJ11Vv-vRIXlRN0gk0u2eNrM0yR3jvqig0DAeVSXzYb5mQEgmLA", "refresh_token":"KrwyGzu-6I_RM5QsHSlOzWThPGg7nVqjehJ_49GekPg", "email":"sonico.kris@aaacalif.com", "userName":"sonico.kris@aaa-calif.com", "memberNumber":"6200047749274409", "customerId":"441331020101521", "memberZipCode":"92626", "lastName":"TREASE", "firstName":"XAOBO", "clubCode":"", "status":"0", "statusMessage":"success", "expires_in":"3600" }
]]></system-out>
  </testcase>
  <testcase name="And validate response code as &quot;200&quot;" classname="| sonico.kris@aaa-calif.com | autoclub1 | 2020-10-15 | 6200041275393303 | 1978-10-27 | sonico.kris@aaa-calif.com | autoclub1 | 004 |" time="0.026"/>
  <testcase name="And validate response code as &quot;200&quot;" classname="| sonico.kris@aaa-calif.com | autoclub1 | 2020-10-15 | 6200041275393303 | 1978-10-27 | sonico.kris@aaa-calif.com | autoclub1 | 004 |" time="0.019"/>
  <testcase name="And validate response code as &quot;200&quot;" classname="| sonico.kris@aaa-calif.com | autoclub1 | 2020-10-15 | 6200041275393303 | 1978-10-27 | sonico.kris@aaa-calif.com | autoclub1 | 004 |" time="0.005"/>
  <testcase name="And Validate response body accessToken as &quot;e&quot; customerId as &quot;000000000000000&quot;" classname="| sonico.kris@aaa-calif.com | autoclub1 | 2020-10-15 | 6200041275393303 | 1978-10-27 | sonico.kris@aaa-calif.com | autoclub1 | 004 |" time="0.009">
    <system-out><![CDATA[This is accessToken valueeyJraWQiOiJIcnlEM1plSXE5TjRJZGhUNWRuQjNrSHdsRE4yR2pjXzNsZFRxMF90cDZrIiwiYWxnIjoiUlMyNTYifQ.eyJ2ZXIiOjEsImp0aSI6IkFULnFpU0xJaHVQX1dGeURiTks3TzB2Wktab3RsU1dVSEpKaDVFTHp0ZXZWRTAub2FyMWRzbmlzN0w3d1RDN1UwaDciLCJpc3MiOiJodHRwczovL2FjZS1pZGVudGl0eS5va3RhcHJldmlldy5jb20vb2F1dGgyL2F1c21vZnF1bzYyY0h0WU5rMGg3IiwiYXVkIjoiMG9hbW45NWNyNmZKODBZdFYwaDciLCJpYXQiOjE2Mzc4MTI5MTksImV4cCI6MTYzNzgxNjUxOSwiY2lkIjoiMG9hbW45NWNyNmZKODBZdFYwaDciLCJ1aWQiOiIwMHUxMTE5ZnRiYlBKejAxbTBoOCIsInNjcCI6WyJvZmZsaW5lX2FjY2VzcyIsInByb2ZpbGUiLCJvcGVuaWQiLCJjbHViQ29kZSIsInNjb3BlIiwiY3VzdG9tZXJJZCJdLCJzdWIiOiJzb25pY28ua3Jpc0BhYWEtY2FsaWYuY29tIiwic2VsZlJlY292ZXJ5IjpmYWxzZSwiY2x1YkNvZGUiOiIwMDQiLCJzY29wZSI6WyJndWlkZXdpcmUuZWRnZS5wb2xpY3kuQ0hPMTc3NTk5MjQyLkFMTCIsImd1aWRld2lyZS5lZGdlLnBvbGljeS5DQUEwMjYzOTU5MjcuQUxMIl0sImN1c3RvbWVySWQiOiI0NDEzMzEwMjAxMDE1MjEiLCJwcmVmZXJyZWRfdXNlcm5hbWUiOiJzb25pY28ua3Jpc0BhYWEtY2FsaWYuY29tIn0.mTf8V8IT2VHbjFCAsoEu4VSs-TUslvsmgAjXhVlUyq1FMuKorraBrn8jJJGTpTkHTKLv5l49ILe_KuZFx2jmM2ENcvlNp0WBwgzvQ-Y2SJ6FssMAUmHtrxVn4eFUREzJVKMMdmtr3hiHwAE5ljmwlEIsjRwgH3aMWfvQUc5XVUa9NKwbUkqZXHp_O7bTBI9SJJby1XoN686PN-ip9X_8MCtzcsGb_u-G9AkYLSB2iobcPh3kKh80wNyWBNwMtIencs4S1xHhkdEmkQEZfOVRbgmb-NLZ-OpGzhCNJ11Vv-vRIXlRN0gk0u2eNrM0yR3jvqig0DAeVSXzYb5mQEgmLA
login response custID 441331020101521
]]></system-out>
  </testcase>
  <testcase name="And set request accessToken header &quot;Authorization&quot;" classname="| sonico.kris@aaa-calif.com | autoclub1 | 2020-10-15 | 6200041275393303 | 1978-10-27 | sonico.kris@aaa-calif.com | autoclub1 | 004 |" time="0.013"/>
  <testcase name="And Submit GET list of policies &quot;/policies&quot;" classname="| sonico.kris@aaa-calif.com | autoclub1 | 2020-10-15 | 6200041275393303 | 1978-10-27 | sonico.kris@aaa-calif.com | autoclub1 | 004 |" time="0.009">
    <system-out><![CDATA[{clubCode=004, customerId=441331020101521}
accessToken value after resetting to null  eyJraWQiOiJIcnlEM1plSXE5TjRJZGhUNWRuQjNrSHdsRE4yR2pjXzNsZFRxMF90cDZrIiwiYWxnIjoiUlMyNTYifQ.eyJ2ZXIiOjEsImp0aSI6IkFULnFpU0xJaHVQX1dGeURiTks3TzB2Wktab3RsU1dVSEpKaDVFTHp0ZXZWRTAub2FyMWRzbmlzN0w3d1RDN1UwaDciLCJpc3MiOiJodHRwczovL2FjZS1pZGVudGl0eS5va3RhcHJldmlldy5jb20vb2F1dGgyL2F1c21vZnF1bzYyY0h0WU5rMGg3IiwiYXVkIjoiMG9hbW45NWNyNmZKODBZdFYwaDciLCJpYXQiOjE2Mzc4MTI5MTksImV4cCI6MTYzNzgxNjUxOSwiY2lkIjoiMG9hbW45NWNyNmZKODBZdFYwaDciLCJ1aWQiOiIwMHUxMTE5ZnRiYlBKejAxbTBoOCIsInNjcCI6WyJvZmZsaW5lX2FjY2VzcyIsInByb2ZpbGUiLCJvcGVuaWQiLCJjbHViQ29kZSIsInNjb3BlIiwiY3VzdG9tZXJJZCJdLCJzdWIiOiJzb25pY28ua3Jpc0BhYWEtY2FsaWYuY29tIiwic2VsZlJlY292ZXJ5IjpmYWxzZSwiY2x1YkNvZGUiOiIwMDQiLCJzY29wZSI6WyJndWlkZXdpcmUuZWRnZS5wb2xpY3kuQ0hPMTc3NTk5MjQyLkFMTCIsImd1aWRld2lyZS5lZGdlLnBvbGljeS5DQUEwMjYzOTU5MjcuQUxMIl0sImN1c3RvbWVySWQiOiI0NDEzMzEwMjAxMDE1MjEiLCJwcmVmZXJyZWRfdXNlcm5hbWUiOiJzb25pY28ua3Jpc0BhYWEtY2FsaWYuY29tIn0.mTf8V8IT2VHbjFCAsoEu4VSs-TUslvsmgAjXhVlUyq1FMuKorraBrn8jJJGTpTkHTKLv5l49ILe_KuZFx2jmM2ENcvlNp0WBwgzvQ-Y2SJ6FssMAUmHtrxVn4eFUREzJVKMMdmtr3hiHwAE5ljmwlEIsjRwgH3aMWfvQUc5XVUa9NKwbUkqZXHp_O7bTBI9SJJby1XoN686PN-ip9X_8MCtzcsGb_u-G9AkYLSB2iobcPh3kKh80wNyWBNwMtIencs4S1xHhkdEmkQEZfOVRbgmb-NLZ-OpGzhCNJ11Vv-vRIXlRN0gk0u2eNrM0yR3jvqig0DAeVSXzYb5mQEgmLA
get policies response code 200
get list of policies response{"insurancePolicyList":[{"policyType":"Home","policySubType":"TEN","policyNumber":"CHO177599242","effectiveDate":"2020-12-29","expirationDate":"2021-12-29","authorizedToViewDetails":true,"authorizedPolicyActions":["View policy","View payment & billing history","Get claim status","View policy documents"],"serviceSolution":"HUON"},{"policyType":"Auto","policySubType":"PPA","policyNumber":"CAA026395927","effectiveDate":"2020-10-16","expirationDate":"2021-10-16","authorizedToViewDetails":true,"authorizedPolicyActions":["View policy","View payment & billing history","Get claim status","Add/replace vehicle","Remove vehicles","Change coverages","Change loan or lease company","Add or remove driver","View policy documents","Change address"],"serviceSolution":"HUON"}]}
]]></system-out>
  </testcase>
  <testcase name="And validate response fields policyType as &quot;Auto&quot; policyNumber as &quot;CAA&quot;" classname="| sonico.kris@aaa-calif.com | autoclub1 | 2020-10-15 | 6200041275393303 | 1978-10-27 | sonico.kris@aaa-calif.com | autoclub1 | 004 |" time="0.008">
    <system-out><![CDATA[get list of policies response  {"insurancePolicyList":[{"policyType":"Home","policySubType":"TEN","policyNumber":"CHO177599242","effectiveDate":"2020-12-29","expirationDate":"2021-12-29","authorizedToViewDetails":true,"authorizedPolicyActions":["View policy","View payment & billing history","Get claim status","View policy documents"],"serviceSolution":"HUON"},{"policyType":"Auto","policySubType":"PPA","policyNumber":"CAA026395927","effectiveDate":"2020-10-16","expirationDate":"2021-10-16","authorizedToViewDetails":true,"authorizedPolicyActions":["View policy","View payment & billing history","Get claim status","Add/replace vehicle","Remove vehicles","Change coverages","Change loan or lease company","Add or remove driver","View policy documents","Change address"],"serviceSolution":"HUON"}]}
200
]]></system-out>
  </testcase>
  <testcase name="And Submit GET list of auto policies &quot;/autopolicy&quot;" classname="| sonico.kris@aaa-calif.com | autoclub1 | 2020-10-15 | 6200041275393303 | 1978-10-27 | sonico.kris@aaa-calif.com | autoclub1 | 004 |" time="0.004">
    <system-out><![CDATA[get autopolicies response is:{ "errorCode":500, "errorMessage":"Internal Server Error" }
]]></system-out>
  </testcase>
  <testcase name="And validate response fields autoPolicyNumber as &quot;&lt;autoPolicyNumber&gt;&quot;" classname="| sonico.kris@aaa-calif.com | autoclub1 | 2020-10-15 | 6200041275393303 | 1978-10-27 | sonico.kris@aaa-calif.com | autoclub1 | 004 |" time="0.012">
    <failure type="java.lang.AssertionError"><![CDATA[java.lang.AssertionError: expected:<<autoPolicyNumber>> but was:<null>
]]></failure>
    <system-out><![CDATA[200
get list of autopolicy numbers { "errorCode":500, "errorMessage":"Internal Server Error" }
]]></system-out>
  </testcase>
  <testcase name="| sonico.kris@aaa-calif.com | autoclub1 | 2020-10-15 | 6200041275393303 | 1978-10-27 | sonico.kris@aaa-calif.com | autoclub1 | 004 |" classname="Examples: " time="0.337">
    <failure type="java.lang.AssertionError"><![CDATA[java.lang.AssertionError: expected:<<autoPolicyNumber>> but was:<null>
]]></failure>
  </testcase>
  <testcase name="| sonico.kris@aaa-calif.com | autoclub1 | 2020-10-15 | 6200041275393303 | 1978-10-27 | sonico.kris@aaa-calif.com | autoclub1 | 004 |" classname="Examples: " time="0.342">
    <failure type="java.lang.AssertionError"><![CDATA[java.lang.AssertionError: expected:<<autoPolicyNumber>> but was:<null>
]]></failure>
  </testcase>
  <testcase name="| &quot;mobileapptest@aaa-calif.com | autoclub1 | 2020-10-15 | 1978-10-27 | sonico.kris@aaa-calif.com | autoclub1 | 004 |" classname="Examples: " time="0.027">
    <failure type="java.lang.AssertionError"><![CDATA[java.lang.AssertionError: expected:<477492744> but was:<null>
]]></failure>
  </testcase>
  <testcase name="| &quot;mobileapptest@aaa-calif.com | autoclub1 | 2020-10-15 | 1978-10-27 | sonico.kris@aaa-calif.com | autoclub1 | 004 |" classname="Examples: " time="0.041">
    <failure type="java.lang.AssertionError"><![CDATA[java.lang.AssertionError: expected:<477492744> but was:<null>
]]></failure>
  </testcase>
  <testcase name="Given set the base uri as &quot;https://apisuat.calif.aaa.com/ebiz/uat2&quot;" classname="| &quot;mobileapptest@aaa-calif.com | autoclub1 | 2020-10-15 | 1978-10-27 | sonico.kris@aaa-calif.com | autoclub1 | 004 |" time="0.016">
    <system-out><![CDATA[
  Scenario Outline: Register User                                                                                               &amp#27;[90m# MobileAPI.feature:38&amp#27;[0m
    #    Given Set POST request Body Of Register User email as "<email>" password as "<password>" memExpDate as "<memExpDate>" memNumber as "<memNumber>" and DOB as "<DOB>"
    #    And set request header "X-IBM-Client-Id" as "832512b7-ca21-4ea5-a3dd-ab53a2ce7ca2"
    #    And set request header "X-IBM-Client-Secret" as "jB8oN2hF3wQ0jD8cY0cD7kA8cW4dY4tH7dH8bB0eU5nO1jJ1lQ"
    #    And set request header "Content-Type" as "application/json"
    #    When Submit POST Register user request "/account"
    #    And  validate response code as "200"
    &amp#27;[32mAnd &amp#27;[0m&amp#27;[32mSet POST request body Of Login Member username as "&amp#27;[0m&amp#27;[32m&amp#27;[1msonico.kris@aaa-calif.com&amp#27;[0m&amp#27;[32m" password as "&amp#27;[0m&amp#27;[32m&amp#27;[1mautoclub1&amp#27;[0m&amp#27;[32m" clubCode as "&amp#27;[0m&amp#27;[32m&amp#27;[1m004&amp#27;[0m&amp#27;[32m"&amp#27;[0m &amp#27;[90m# MobileAPIStepDefinition.set_post_request_body_of_login_member_username_as_password_as_club_code_as(String,String,String)&amp#27;[0m
    &amp#27;[32mAnd &amp#27;[0m&amp#27;[32mset request header "&amp#27;[0m&amp#27;[32m&amp#27;[1mX-IBM-Client-Id&amp#27;[0m&amp#27;[32m" as "&amp#27;[0m&amp#27;[32m&amp#27;[1m832512b7-ca21-4ea5-a3dd-ab53a2ce7ca2&amp#27;[0m&amp#27;[32m"&amp#27;[0m                                          &amp#27;[90m# requestHandler.set_request_header_as(String,String)&amp#27;[0m
    &amp#27;[32mAnd &amp#27;[0m&amp#27;[32mset request header "&amp#27;[0m&amp#27;[32m&amp#27;[1mX-IBM-Client-Secret&amp#27;[0m&amp#27;[32m" as "&amp#27;[0m&amp#27;[32m&amp#27;[1mjB8oN2hF3wQ0jD8cY0cD7kA8cW4dY4tH7dH8bB0eU5nO1jJ1lQ&amp#27;[0m&amp#27;[32m"&amp#27;[0m                        &amp#27;[90m# requestHandler.set_request_header_as(String,String)&amp#27;[0m
    &amp#27;[32mAnd &amp#27;[0m&amp#27;[32mset request header "&amp#27;[0m&amp#27;[32m&amp#27;[1mContent-Type&amp#27;[0m&amp#27;[32m" as "&amp#27;[0m&amp#27;[32m&amp#27;[1mapplication/json&amp#27;[0m&amp#27;[32m"&amp#27;[0m                                                                 &amp#27;[90m# requestHandler.set_request_header_as(String,String)&amp#27;[0m
    &amp#27;[32mAnd &amp#27;[0m&amp#27;[32mSubmit POST Login user request "&amp#27;[0m&amp#27;[32m&amp#27;[1m/user/session&amp#27;[0m&amp#27;[32m"&amp#27;[0m                                                                          &amp#27;[90m# MobileAPIStepDefinition.submit_post_login_user_request(String)&amp#27;[0m
    &amp#27;[32mAnd &amp#27;[0m&amp#27;[32mvalidate response code as "&amp#27;[0m&amp#27;[32m&amp#27;[1m200&amp#27;[0m&amp#27;[32m"&amp#27;[0m                                                                                         &amp#27;[90m# responseHandler.validate_response_code_as(String)&amp#27;[0m
    &amp#27;[32mAnd &amp#27;[0m&amp#27;[32mValidate response body accessToken as "&amp#27;[0m&amp#27;[32m&amp#27;[1me&amp#27;[0m&amp#27;[32m" customerId as "&amp#27;[0m&amp#27;[32m&amp#27;[1m000000000000000&amp#27;[0m&amp#27;[32m"&amp#27;[0m                                               &amp#27;[90m# MobileAPIStepDefinition.validate_response_body_access_token_as_customer_id_as(String,String)&amp#27;[0m
    #    And set request header "X-IBM-Client-Id" as "832512b7-ca21-4ea5-a3dd-ab53a2ce7ca2"
    #    And set request header "X-IBM-Client-Secret" as "jB8oN2hF3wQ0jD8cY0cD7kA8cW4dY4tH7dH8bB0eU5nO1jJ1lQ"
    &amp#27;[32mAnd &amp#27;[0m&amp#27;[32mset request accessToken header "&amp#27;[0m&amp#27;[32m&amp#27;[1mAuthorization&amp#27;[0m&amp#27;[32m"&amp#27;[0m                                                                          &amp#27;[90m# MobileAPIStepDefinition.set_request_access_token_header(String)&amp#27;[0m
    #    And Set GET List of Policies parameter clubCode as "<clubCode>" customerId as "<customerId>"
    &amp#27;[32mAnd &amp#27;[0m&amp#27;[32mSubmit GET list of policies "&amp#27;[0m&amp#27;[32m&amp#27;[1m/policies&amp#27;[0m&amp#27;[32m"&amp#27;[0m                                                                                 &amp#27;[90m# MobileAPIStepDefinition.submit_get_list_of_policies(String)&amp#27;[0m
    &amp#27;[32mAnd &amp#27;[0m&amp#27;[32mvalidate response code as "&amp#27;[0m&amp#27;[32m&amp#27;[1m200&amp#27;[0m&amp#27;[32m"&amp#27;[0m                                                                                         &amp#27;[90m# responseHandler.validate_response_code_as(String)&amp#27;[0m
    &amp#27;[32mAnd &amp#27;[0m&amp#27;[32mvalidate response fields policyType as "&amp#27;[0m&amp#27;[32m&amp#27;[1mAuto&amp#27;[0m&amp#27;[32m" policyNumber as "&amp#27;[0m&amp#27;[32m&amp#27;[1mCAA&amp#27;[0m&amp#27;[32m"&amp#27;[0m                                                     &amp#27;[90m# MobileAPIStepDefinition.validate_response_fields_policy_type_as_policy_number_as(String,String)&amp#27;[0m
    #    And Set GET list of Auto policies parameter autopolicyNumber as "<autoPolicy>"  clubCode as "<clubCode>" customerId as "<customerId>"
    #    And set request accessToken header "Authorization"
    &amp#27;[32mAnd &amp#27;[0m&amp#27;[32mSubmit GET list of auto policies "&amp#27;[0m&amp#27;[32m&amp#27;[1m/autopolicy&amp#27;[0m&amp#27;[32m"&amp#27;[0m                                                                          &amp#27;[90m# MobileAPIStepDefinition.submit_get_list_of_auto_policies(String)&amp#27;[0m
    &amp#27;[32mAnd &amp#27;[0m&amp#27;[32mvalidate response code as "&amp#27;[0m&amp#27;[32m&amp#27;[1m200&amp#27;[0m&amp#27;[32m"&amp#27;[0m                                                                                         &amp#27;[90m# responseHandler.validate_response_code_as(String)&amp#27;[0m
    &amp#27;[31mAnd &amp#27;[0m&amp#27;[31mvalidate response fields autoPolicyNumber as "&amp#27;[0m&amp#27;[31m&amp#27;[1m<autoPolicyNumber>&amp#27;[0m&amp#27;[31m"&amp#27;[0m                                                       &amp#27;[90m# MobileAPIStepDefinition.validate_response_fields_auto_policy_number_as(String)&amp#27;[0m
      &amp#27;[31mjava.lang.AssertionError: expected:<<autoPolicyNumber>> but was:<null>
      	at org.junit.Assert.fail(Assert.java:88)
      	at org.junit.Assert.failNotEquals(Assert.java:834)
      	at org.junit.Assert.assertEquals(Assert.java:118)
      	at org.junit.Assert.assertEquals(Assert.java:144)
      	at stepDefinition.MobileAPIStepDefinition.validate_response_fields_auto_policy_number_as(MobileAPIStepDefinition.java:227)
      	at ?.And validate response fields autoPolicyNumber as "<autoPolicyNumber>"(MobileAPI.feature:32)
      &amp#27;[0m

  Scenario Outline: Get Membership Details                                                                               &amp#27;[90m# MobileAPI.feature:41&amp#27;[0m
    &amp#27;[36mAnd &amp#27;[0m&amp#27;[36mSet POST request body Of Login Member username as "<username>" password as "<password>" clubCode as "<clubCode>"&amp#27;[0m
    &amp#27;[36mAnd &amp#27;[0m&amp#27;[36mset request header "X-IBM-Client-Id" as "832512b7-ca21-4ea5-a3dd-ab53a2ce7ca2"&amp#27;[0m
    &amp#27;[36mAnd &amp#27;[0m&amp#27;[36mset request header "X-IBM-Client-Secret" as "jB8oN2hF3wQ0jD8cY0cD7kA8cW4dY4tH7dH8bB0eU5nO1jJ1lQ"&amp#27;[0m
    &amp#27;[36mAnd &amp#27;[0m&amp#27;[36mset request header "Content-Type" as "application/json"&amp#27;[0m
    &amp#27;[36mAnd &amp#27;[0m&amp#27;[36mSubmit POST Login user request "/user/session"&amp#27;[0m
    &amp#27;[36mAnd &amp#27;[0m&amp#27;[36mvalidate response code as "200"&amp#27;[0m
    &amp#27;[36mAnd &amp#27;[0m&amp#27;[36mValidate response body accessToken as "e" customerId as "000000000000000"&amp#27;[0m
    &amp#27;[36mAnd &amp#27;[0m&amp#27;[36mValidate response body memberNumber as "0000000000000000"&amp#27;[0m
    &amp#27;[36mAnd &amp#27;[0m&amp#27;[36mset request accessToken header "Authorization"&amp#27;[0m
    &amp#27;[36mAnd &amp#27;[0m&amp#27;[36mSubmit Get list of membershipDetails "/membership/"&amp#27;[0m
    &amp#27;[36mAnd &amp#27;[0m&amp#27;[36mvalidate response code as "200"&amp#27;[0m
    &amp#27;[36mAnd &amp#27;[0m&amp#27;[36mvalidate response fields memberNumber as "memberNumber>"&amp#27;[0m

    Examples: 
]]></system-out>
  </testcase>
  <testcase name="And Set POST request body Of Login Member username as &quot;sonico.kris@aaa-calif.com&quot; password as &quot;autoclub1&quot; clubCode as &quot;004&quot;" classname="| &quot;mobileapptest@aaa-calif.com | autoclub1 | 2020-10-15 | 1978-10-27 | sonico.kris@aaa-calif.com | autoclub1 | 004 |" time="0.005">
    <system-out><![CDATA[
  Background: Launch Base API Url                                       &amp#27;[90m# MobileAPI.feature:3&amp#27;[0m
    &amp#27;[32mGiven &amp#27;[0m&amp#27;[32mset the base uri as "&amp#27;[0m&amp#27;[32m&amp#27;[1mhttps://apisuat.calif.aaa.com/ebiz/uat2&amp#27;[0m&amp#27;[32m"&amp#27;[0m &amp#27;[90m# MobileAPIStepDefinition.set_the_base_uri_as(String)&amp#27;[0m
]]></system-out>
  </testcase>
  <testcase name="And set request header &quot;X-IBM-Client-Id&quot; as &quot;832512b7-ca21-4ea5-a3dd-ab53a2ce7ca2&quot;" classname="| &quot;mobileapptest@aaa-calif.com | autoclub1 | 2020-10-15 | 1978-10-27 | sonico.kris@aaa-calif.com | autoclub1 | 004 |" time="0.004"/>
  <testcase name="And set request header &quot;X-IBM-Client-Secret&quot; as &quot;jB8oN2hF3wQ0jD8cY0cD7kA8cW4dY4tH7dH8bB0eU5nO1jJ1lQ&quot;" classname="| &quot;mobileapptest@aaa-calif.com | autoclub1 | 2020-10-15 | 1978-10-27 | sonico.kris@aaa-calif.com | autoclub1 | 004 |" time="0.005"/>
  <testcase name="And set request header &quot;Content-Type&quot; as &quot;application/json&quot;" classname="| &quot;mobileapptest@aaa-calif.com | autoclub1 | 2020-10-15 | 1978-10-27 | sonico.kris@aaa-calif.com | autoclub1 | 004 |" time="0.02"/>
  <testcase name="And Submit POST Login user request &quot;/user/session&quot;" classname="| &quot;mobileapptest@aaa-calif.com | autoclub1 | 2020-10-15 | 1978-10-27 | sonico.kris@aaa-calif.com | autoclub1 | 004 |" time="0.008">
    <system-out><![CDATA[response code is:200
response is:{ "access_token":"eyJraWQiOiJIcnlEM1plSXE5TjRJZGhUNWRuQjNrSHdsRE4yR2pjXzNsZFRxMF90cDZrIiwiYWxnIjoiUlMyNTYifQ.eyJ2ZXIiOjEsImp0aSI6IkFULmp5aThjRU53cGJaTUhFX0VTNTdLb0ZUQl94R0ZKVEhwSzVpakwzMzRfZ3cub2FyMWRzbW96Nm5DbHZUWjIwaDciLCJpc3MiOiJodHRwczovL2FjZS1pZGVudGl0eS5va3RhcHJldmlldy5jb20vb2F1dGgyL2F1c21vZnF1bzYyY0h0WU5rMGg3IiwiYXVkIjoiMG9hbW45NWNyNmZKODBZdFYwaDciLCJpYXQiOjE2Mzc4MTI5MjQsImV4cCI6MTYzNzgxNjUyNCwiY2lkIjoiMG9hbW45NWNyNmZKODBZdFYwaDciLCJ1aWQiOiIwMHUxMTE5ZnRiYlBKejAxbTBoOCIsInNjcCI6WyJvZmZsaW5lX2FjY2VzcyIsIm9wZW5pZCIsImNsdWJDb2RlIiwic2NvcGUiLCJwcm9maWxlIiwiY3VzdG9tZXJJZCJdLCJzdWIiOiJzb25pY28ua3Jpc0BhYWEtY2FsaWYuY29tIiwic2VsZlJlY292ZXJ5IjpmYWxzZSwiY2x1YkNvZGUiOiIwMDQiLCJzY29wZSI6WyJndWlkZXdpcmUuZWRnZS5wb2xpY3kuQ0hPMTc3NTk5MjQyLkFMTCIsImd1aWRld2lyZS5lZGdlLnBvbGljeS5DQUEwMjYzOTU5MjcuQUxMIl0sImN1c3RvbWVySWQiOiI0NDEzMzEwMjAxMDE1MjEiLCJwcmVmZXJyZWRfdXNlcm5hbWUiOiJzb25pY28ua3Jpc0BhYWEtY2FsaWYuY29tIn0.Sw0NwW5QZarLZzv_RDnPCr23oTo94UdwZX8H9W8Mrb0P-u-p24SuTxKp81nJ2vtdvSMenmFuvt_2U01-GrTjey3qyiqNL0EwWpONvBVATU0lSjdtVfrFg21XC5dBxv9Xzxpq-MNqa1ybyEyW3F4pfNEEWvFLXfMA33zvNL9ax4hyIZBwvJqeboIbEblTCOQ0LF3AdZcl6YaXNrl2mi-XnproEd_1Co23Zeb3IevvNxjnAoCLjcT6TiW7mGiG5MNpdo5M_gTw0hNfnDZ-Vw4ykNKyl755PdI-ZT3f1fQMX8SjUzNWgusNLLIsEvQno9LJhTey1MMw0wAFD6DxG8Uv6A", "token_type":"Bearer", "scope":"offline_access openid clubCode scope profile customerId", "id_token":"eyJraWQiOiJIcnlEM1plSXE5TjRJZGhUNWRuQjNrSHdsRE4yR2pjXzNsZFRxMF90cDZrIiwiYWxnIjoiUlMyNTYifQ.eyJ2ZXIiOjEsImp0aSI6IkFULmp5aThjRU53cGJaTUhFX0VTNTdLb0ZUQl94R0ZKVEhwSzVpakwzMzRfZ3cub2FyMWRzbW96Nm5DbHZUWjIwaDciLCJpc3MiOiJodHRwczovL2FjZS1pZGVudGl0eS5va3RhcHJldmlldy5jb20vb2F1dGgyL2F1c21vZnF1bzYyY0h0WU5rMGg3IiwiYXVkIjoiMG9hbW45NWNyNmZKODBZdFYwaDciLCJpYXQiOjE2Mzc4MTI5MjQsImV4cCI6MTYzNzgxNjUyNCwiY2lkIjoiMG9hbW45NWNyNmZKODBZdFYwaDciLCJ1aWQiOiIwMHUxMTE5ZnRiYlBKejAxbTBoOCIsInNjcCI6WyJvZmZsaW5lX2FjY2VzcyIsIm9wZW5pZCIsImNsdWJDb2RlIiwic2NvcGUiLCJwcm9maWxlIiwiY3VzdG9tZXJJZCJdLCJzdWIiOiJzb25pY28ua3Jpc0BhYWEtY2FsaWYuY29tIiwic2VsZlJlY292ZXJ5IjpmYWxzZSwiY2x1YkNvZGUiOiIwMDQiLCJzY29wZSI6WyJndWlkZXdpcmUuZWRnZS5wb2xpY3kuQ0hPMTc3NTk5MjQyLkFMTCIsImd1aWRld2lyZS5lZGdlLnBvbGljeS5DQUEwMjYzOTU5MjcuQUxMIl0sImN1c3RvbWVySWQiOiI0NDEzMzEwMjAxMDE1MjEiLCJwcmVmZXJyZWRfdXNlcm5hbWUiOiJzb25pY28ua3Jpc0BhYWEtY2FsaWYuY29tIn0.Sw0NwW5QZarLZzv_RDnPCr23oTo94UdwZX8H9W8Mrb0P-u-p24SuTxKp81nJ2vtdvSMenmFuvt_2U01-GrTjey3qyiqNL0EwWpONvBVATU0lSjdtVfrFg21XC5dBxv9Xzxpq-MNqa1ybyEyW3F4pfNEEWvFLXfMA33zvNL9ax4hyIZBwvJqeboIbEblTCOQ0LF3AdZcl6YaXNrl2mi-XnproEd_1Co23Zeb3IevvNxjnAoCLjcT6TiW7mGiG5MNpdo5M_gTw0hNfnDZ-Vw4ykNKyl755PdI-ZT3f1fQMX8SjUzNWgusNLLIsEvQno9LJhTey1MMw0wAFD6DxG8Uv6A", "refresh_token":"qIQyAAPsZXfiwyfFfohwE07JPykuKbSjfNX57xLKUaY", "email":"sonico.kris@aaacalif.com", "userName":"sonico.kris@aaa-calif.com", "memberNumber":"6200047749274409", "customerId":"441331020101521", "memberZipCode":"92626", "lastName":"TREASE", "firstName":"XAOBO", "clubCode":"", "status":"0", "statusMessage":"success", "expires_in":"3600" }
]]></system-out>
  </testcase>
  <testcase name="And validate response code as &quot;200&quot;" classname="| &quot;mobileapptest@aaa-calif.com | autoclub1 | 2020-10-15 | 1978-10-27 | sonico.kris@aaa-calif.com | autoclub1 | 004 |" time="0.006"/>
  <testcase name="And validate response code as &quot;200&quot;" classname="| &quot;mobileapptest@aaa-calif.com | autoclub1 | 2020-10-15 | 1978-10-27 | sonico.kris@aaa-calif.com | autoclub1 | 004 |" time="0.004"/>
  <testcase name="And Validate response body accessToken as &quot;e&quot; customerId as &quot;000000000000000&quot;" classname="| &quot;mobileapptest@aaa-calif.com | autoclub1 | 2020-10-15 | 1978-10-27 | sonico.kris@aaa-calif.com | autoclub1 | 004 |" time="0.007">
    <system-out><![CDATA[This is accessToken valueeyJraWQiOiJIcnlEM1plSXE5TjRJZGhUNWRuQjNrSHdsRE4yR2pjXzNsZFRxMF90cDZrIiwiYWxnIjoiUlMyNTYifQ.eyJ2ZXIiOjEsImp0aSI6IkFULmp5aThjRU53cGJaTUhFX0VTNTdLb0ZUQl94R0ZKVEhwSzVpakwzMzRfZ3cub2FyMWRzbW96Nm5DbHZUWjIwaDciLCJpc3MiOiJodHRwczovL2FjZS1pZGVudGl0eS5va3RhcHJldmlldy5jb20vb2F1dGgyL2F1c21vZnF1bzYyY0h0WU5rMGg3IiwiYXVkIjoiMG9hbW45NWNyNmZKODBZdFYwaDciLCJpYXQiOjE2Mzc4MTI5MjQsImV4cCI6MTYzNzgxNjUyNCwiY2lkIjoiMG9hbW45NWNyNmZKODBZdFYwaDciLCJ1aWQiOiIwMHUxMTE5ZnRiYlBKejAxbTBoOCIsInNjcCI6WyJvZmZsaW5lX2FjY2VzcyIsIm9wZW5pZCIsImNsdWJDb2RlIiwic2NvcGUiLCJwcm9maWxlIiwiY3VzdG9tZXJJZCJdLCJzdWIiOiJzb25pY28ua3Jpc0BhYWEtY2FsaWYuY29tIiwic2VsZlJlY292ZXJ5IjpmYWxzZSwiY2x1YkNvZGUiOiIwMDQiLCJzY29wZSI6WyJndWlkZXdpcmUuZWRnZS5wb2xpY3kuQ0hPMTc3NTk5MjQyLkFMTCIsImd1aWRld2lyZS5lZGdlLnBvbGljeS5DQUEwMjYzOTU5MjcuQUxMIl0sImN1c3RvbWVySWQiOiI0NDEzMzEwMjAxMDE1MjEiLCJwcmVmZXJyZWRfdXNlcm5hbWUiOiJzb25pY28ua3Jpc0BhYWEtY2FsaWYuY29tIn0.Sw0NwW5QZarLZzv_RDnPCr23oTo94UdwZX8H9W8Mrb0P-u-p24SuTxKp81nJ2vtdvSMenmFuvt_2U01-GrTjey3qyiqNL0EwWpONvBVATU0lSjdtVfrFg21XC5dBxv9Xzxpq-MNqa1ybyEyW3F4pfNEEWvFLXfMA33zvNL9ax4hyIZBwvJqeboIbEblTCOQ0LF3AdZcl6YaXNrl2mi-XnproEd_1Co23Zeb3IevvNxjnAoCLjcT6TiW7mGiG5MNpdo5M_gTw0hNfnDZ-Vw4ykNKyl755PdI-ZT3f1fQMX8SjUzNWgusNLLIsEvQno9LJhTey1MMw0wAFD6DxG8Uv6A
login response custID 441331020101521
]]></system-out>
  </testcase>
  <testcase name="And Validate response body memberNumber as &quot;0000000000000000&quot;" classname="| &quot;mobileapptest@aaa-calif.com | autoclub1 | 2020-10-15 | 1978-10-27 | sonico.kris@aaa-calif.com | autoclub1 | 004 |" time="0.008"/>
  <testcase name="And set request accessToken header &quot;Authorization&quot;" classname="| &quot;mobileapptest@aaa-calif.com | autoclub1 | 2020-10-15 | 1978-10-27 | sonico.kris@aaa-calif.com | autoclub1 | 004 |" time="0.006"/>
  <testcase name="And Submit Get list of membershipDetails &quot;/membership/&quot;" classname="| &quot;mobileapptest@aaa-calif.com | autoclub1 | 2020-10-15 | 1978-10-27 | sonico.kris@aaa-calif.com | autoclub1 | 004 |" time="0.005">
    <system-out><![CDATA[{clubCode=004, customerId=441331020101521}
accessToken value after resetting to null  eyJraWQiOiJIcnlEM1plSXE5TjRJZGhUNWRuQjNrSHdsRE4yR2pjXzNsZFRxMF90cDZrIiwiYWxnIjoiUlMyNTYifQ.eyJ2ZXIiOjEsImp0aSI6IkFULmp5aThjRU53cGJaTUhFX0VTNTdLb0ZUQl94R0ZKVEhwSzVpakwzMzRfZ3cub2FyMWRzbW96Nm5DbHZUWjIwaDciLCJpc3MiOiJodHRwczovL2FjZS1pZGVudGl0eS5va3RhcHJldmlldy5jb20vb2F1dGgyL2F1c21vZnF1bzYyY0h0WU5rMGg3IiwiYXVkIjoiMG9hbW45NWNyNmZKODBZdFYwaDciLCJpYXQiOjE2Mzc4MTI5MjQsImV4cCI6MTYzNzgxNjUyNCwiY2lkIjoiMG9hbW45NWNyNmZKODBZdFYwaDciLCJ1aWQiOiIwMHUxMTE5ZnRiYlBKejAxbTBoOCIsInNjcCI6WyJvZmZsaW5lX2FjY2VzcyIsIm9wZW5pZCIsImNsdWJDb2RlIiwic2NvcGUiLCJwcm9maWxlIiwiY3VzdG9tZXJJZCJdLCJzdWIiOiJzb25pY28ua3Jpc0BhYWEtY2FsaWYuY29tIiwic2VsZlJlY292ZXJ5IjpmYWxzZSwiY2x1YkNvZGUiOiIwMDQiLCJzY29wZSI6WyJndWlkZXdpcmUuZWRnZS5wb2xpY3kuQ0hPMTc3NTk5MjQyLkFMTCIsImd1aWRld2lyZS5lZGdlLnBvbGljeS5DQUEwMjYzOTU5MjcuQUxMIl0sImN1c3RvbWVySWQiOiI0NDEzMzEwMjAxMDE1MjEiLCJwcmVmZXJyZWRfdXNlcm5hbWUiOiJzb25pY28ua3Jpc0BhYWEtY2FsaWYuY29tIn0.Sw0NwW5QZarLZzv_RDnPCr23oTo94UdwZX8H9W8Mrb0P-u-p24SuTxKp81nJ2vtdvSMenmFuvt_2U01-GrTjey3qyiqNL0EwWpONvBVATU0lSjdtVfrFg21XC5dBxv9Xzxpq-MNqa1ybyEyW3F4pfNEEWvFLXfMA33zvNL9ax4hyIZBwvJqeboIbEblTCOQ0LF3AdZcl6YaXNrl2mi-XnproEd_1Co23Zeb3IevvNxjnAoCLjcT6TiW7mGiG5MNpdo5M_gTw0hNfnDZ-Vw4ykNKyl755PdI-ZT3f1fQMX8SjUzNWgusNLLIsEvQno9LJhTey1MMw0wAFD6DxG8Uv6A
get Membership details response code200
get Membership details response fields { "errorCode":500, "errorMessage":"Internal Server Error" }
]]></system-out>
  </testcase>
  <testcase name="And validate response fields memberNumber as &quot;memberNumber&gt;&quot;" classname="| &quot;mobileapptest@aaa-calif.com | autoclub1 | 2020-10-15 | 1978-10-27 | sonico.kris@aaa-calif.com | autoclub1 | 004 |" time="0.017">
    <failure type="java.lang.AssertionError"><![CDATA[java.lang.AssertionError: expected:<477492744> but was:<null>
]]></failure>
  </testcase>
</testsuite>